TN:
SF:App.tsx
FN:26,App
FNF:1
FNH:0
FNDA:0,App
DA:24,0
DA:27,0
LF:2
LH:0
BRF:0
BRH:0
end_of_record
TN:
SF:components\DockCard.tsx
FN:10,DockCard
FNF:1
FNH:0
FNDA:0,DockCard
DA:11,0
DA:35,0
LF:2
LH:0
BRF:0
BRH:0
end_of_record
TN:
SF:components\GuideCard.tsx
FN:10,GuideCard
FNF:1
FNH:0
FNDA:0,GuideCard
DA:11,0
DA:36,0
LF:2
LH:0
BRF:0
BRH:0
end_of_record
TN:
SF:components\Header.tsx
FN:14,(anonymous_0)
FN:19,(anonymous_1)
FN:23,(anonymous_2)
FN:28,(anonymous_3)
FN:33,(anonymous_4)
FN:38,(anonymous_5)
FN:47,(anonymous_6)
FNF:7
FNH:6
FNDA:5,(anonymous_0)
FNDA:1,(anonymous_1)
FNDA:1,(anonymous_2)
FNDA:1,(anonymous_3)
FNDA:1,(anonymous_4)
FNDA:1,(anonymous_5)
FNDA:0,(anonymous_6)
DA:14,1
DA:15,5
DA:16,5
DA:17,5
DA:19,5
DA:20,1
DA:21,1
DA:23,5
DA:24,1
DA:25,1
DA:28,5
DA:29,1
DA:30,1
DA:33,5
DA:34,1
DA:35,1
DA:38,5
DA:39,1
DA:40,1
DA:43,5
DA:47,0
DA:91,1
LF:22
LH:21
BRDA:14,0,0,5
BRDA:14,1,0,5
BRDA:20,2,0,0
BRDA:20,2,1,1
BRDA:24,3,0,0
BRDA:24,3,1,1
BRDA:29,4,0,0
BRDA:29,4,1,1
BRDA:34,5,0,0
BRDA:34,5,1,1
BRDA:39,6,0,0
BRDA:39,6,1,1
BRDA:46,7,0,0
BRDA:46,7,1,5
BRDA:56,8,0,0
BRDA:56,8,1,5
BRDA:61,9,0,5
BRDA:61,9,1,0
BRDA:64,10,0,5
BRDA:64,10,1,5
BRF:20
BRH:12
end_of_record
TN:
SF:components\PortCard.tsx
FN:10,PortCard
FNF:1
FNH:0
FNDA:0,PortCard
DA:11,0
DA:38,0
LF:2
LH:0
BRDA:28,0,0,0
BRDA:28,0,1,0
BRF:2
BRH:0
end_of_record
TN:
SF:components\SafeMapView.tsx
FN:14,(anonymous_0)
FN:19,(anonymous_1)
FN:21,(anonymous_2)
FN:22,(anonymous_3)
FN:40,(anonymous_4)
FN:46,(anonymous_5)
FN:54,(anonymous_6)
FNF:7
FNH:0
FNDA:0,(anonymous_0)
FNDA:0,(anonymous_1)
FNDA:0,(anonymous_2)
FNDA:0,(anonymous_3)
FNDA:0,(anonymous_4)
FNDA:0,(anonymous_5)
FNDA:0,(anonymous_6)
DA:13,0
DA:15,0
DA:16,0
DA:17,0
DA:19,0
DA:20,0
DA:21,0
DA:22,0
DA:23,0
DA:24,0
DA:40,0
DA:41,0
DA:46,0
DA:47,0
DA:48,0
DA:54,0
DA:55,0
DA:56,0
DA:61,0
LF:19
LH:0
BRDA:20,0,0,0
BRDA:20,0,1,0
BRDA:23,1,0,0
BRDA:23,1,1,0
BRDA:47,2,0,0
BRDA:47,2,1,0
BRF:6
BRH:0
end_of_record
TN:
SF:context\AuthContext.tsx
FN:19,(anonymous_0)
FN:30,(anonymous_1)
FNF:2
FNH:2
FNDA:4,(anonymous_0)
FNDA:7,(anonymous_1)
DA:17,2
DA:19,2
DA:20,4
DA:21,4
DA:23,4
DA:30,2
DA:31,7
DA:32,7
DA:33,0
DA:35,7
LF:10
LH:9
BRDA:32,0,0,0
BRDA:32,0,1,7
BRF:2
BRH:1
end_of_record
TN:
SF:screens\AddDockScreen.tsx
FN:8,AddDockScreen
FN:19,(anonymous_1)
FNF:2
FNH:2
FNDA:26,AddDockScreen
FNDA:4,(anonymous_1)
DA:6,0
DA:9,26
DA:10,26
DA:11,26
DA:12,26
DA:13,26
DA:14,26
DA:15,26
DA:16,26
DA:17,26
DA:19,26
DA:20,4
DA:21,1
DA:22,1
DA:25,3
DA:37,3
DA:38,3
DA:43,2
DA:44,1
DA:45,1
DA:47,1
DA:50,1
DA:54,26
DA:110,1
LF:24
LH:23
BRDA:20,0,0,1
BRDA:20,0,1,3
BRDA:20,1,0,4
BRDA:20,1,1,3
BRDA:20,1,2,3
BRDA:20,1,3,3
BRDA:20,1,4,3
BRDA:20,1,5,3
BRDA:20,1,6,3
BRDA:20,1,7,3
BRDA:43,2,0,1
BRDA:43,2,1,1
BRF:12
BRH:12
end_of_record
TN:
SF:screens\AddPortScreen.tsx
FN:13,AddPortScreen
FN:27,(anonymous_1)
FN:42,(anonymous_2)
FN:47,(anonymous_3)
FN:67,(anonymous_4)
FN:104,(anonymous_5)
FN:118,(anonymous_6)
FN:139,(anonymous_7)
FN:146,(anonymous_8)
FN:202,(anonymous_9)
FN:202,(anonymous_10)
FN:254,(anonymous_11)
FN:270,(anonymous_12)
FN:274,(anonymous_13)
FNF:14
FNH:7
FNDA:2152,AddPortScreen
FNDA:1427,(anonymous_1)
FNDA:1426,(anonymous_2)
FNDA:0,(anonymous_3)
FNDA:0,(anonymous_4)
FNDA:0,(anonymous_5)
FNDA:0,(anonymous_6)
FNDA:4,(anonymous_7)
FNDA:0,(anonymous_8)
FNDA:7,(anonymous_9)
FNDA:7,(anonymous_10)
FNDA:0,(anonymous_11)
FNDA:1818,(anonymous_12)
FNDA:0,(anonymous_13)
DA:11,0
DA:14,2152
DA:15,2152
DA:16,2152
DA:19,2152
DA:20,2152
DA:21,2152
DA:22,2152
DA:23,2152
DA:24,2152
DA:25,2152
DA:27,2152
DA:28,1427
DA:29,1427
DA:31,1427
DA:32,1427
DA:33,4
DA:35,1423
DA:37,1427
DA:41,2152
DA:43,1426
DA:47,2152
DA:48,0
DA:51,0
DA:52,0
DA:53,0
DA:57,0
DA:59,0
DA:60,0
DA:61,0
DA:62,0
DA:67,0
DA:70,0
DA:72,0
DA:73,0
DA:76,0
DA:77,0
DA:82,0
DA:83,0
DA:94,0
DA:96,0
DA:97,0
DA:98,0
DA:99,0
DA:104,0
DA:107,0
DA:109,0
DA:110,0
DA:113,0
DA:114,0
DA:118,2152
DA:119,0
DA:120,0
DA:122,0
DA:129,0
DA:130,0
DA:131,0
DA:134,0
DA:135,0
DA:139,2152
DA:140,4
DA:141,2
DA:142,2
DA:146,2
DA:147,2
DA:149,2
DA:150,2
DA:152,2
DA:166,2
DA:167,0
DA:168,0
DA:169,0
DA:170,0
DA:173,1
DA:174,1
DA:175,1
DA:176,1
DA:177,1
DA:178,1
DA:179,1
DA:180,1
DA:181,1
DA:182,1
DA:185,1
DA:186,1
DA:190,2152
DA:202,7
DA:255,0
DA:271,1818
DA:274,0
DA:291,2
LF:91
LH:48
BRDA:33,0,0,3
BRDA:33,0,1,1
BRDA:48,1,0,0
BRDA:48,1,1,0
BRDA:51,2,0,0
BRDA:51,2,1,0
BRDA:59,3,0,0
BRDA:59,3,1,0
BRDA:61,4,0,0
BRDA:61,4,1,0
BRDA:96,5,0,0
BRDA:96,5,1,0
BRDA:98,6,0,0
BRDA:98,6,1,0
BRDA:120,7,0,0
BRDA:120,7,1,0
BRDA:129,8,0,0
BRDA:129,8,1,0
BRDA:134,9,0,0
BRDA:134,9,1,0
BRDA:140,10,0,2
BRDA:140,10,1,2
BRDA:140,11,0,4
BRDA:140,11,1,2
BRDA:158,12,0,2
BRDA:158,12,1,1
BRDA:159,13,0,2
BRDA:159,13,1,1
BRDA:166,14,0,0
BRDA:166,14,1,1
BRDA:173,15,0,1
BRDA:173,15,1,0
BRDA:204,16,0,1216
BRDA:204,16,1,936
BRDA:207,17,0,2152
BRDA:207,17,1,1216
BRDA:269,18,0,909
BRDA:269,18,1,1243
BRF:38
BRH:18
end_of_record
TN:
SF:screens\BookingDetailsScreen.tsx
FN:12,BookingDetailsScreen
FN:26,(anonymous_1)
FN:40,(anonymous_2)
FN:69,(anonymous_3)
FN:149,(anonymous_4)
FN:162,(anonymous_5)
FN:173,(anonymous_6)
FN:193,(anonymous_7)
FN:203,(anonymous_8)
FN:219,(anonymous_9)
FN:220,(anonymous_10)
FN:230,(anonymous_11)
FN:231,(anonymous_12)
FNF:13
FNH:5
FNDA:21,BookingDetailsScreen
FNDA:0,(anonymous_1)
FNDA:2,(anonymous_2)
FNDA:0,(anonymous_3)
FNDA:5,(anonymous_4)
FNDA:0,(anonymous_5)
FNDA:0,(anonymous_6)
FNDA:0,(anonymous_7)
FNDA:0,(anonymous_8)
FNDA:0,(anonymous_9)
FNDA:0,(anonymous_10)
FNDA:1,(anonymous_11)
FNDA:1,(anonymous_12)
DA:10,0
DA:14,21
DA:16,21
DA:17,10
DA:20,10
DA:23,10
DA:27,0
DA:28,0
DA:29,0
DA:33,10
DA:34,10
DA:35,10
DA:36,10
DA:37,10
DA:38,10
DA:40,10
DA:41,2
DA:42,2
DA:52,2
DA:58,1
DA:59,1
DA:60,1
DA:62,0
DA:65,1
DA:69,10
DA:70,0
DA:71,0
DA:82,0
DA:89,0
DA:90,0
DA:92,0
DA:94,0
DA:99,0
DA:100,0
DA:101,0
DA:105,0
DA:107,0
DA:108,0
DA:110,0
DA:111,0
DA:113,0
DA:114,0
DA:125,0
DA:126,0
DA:128,0
DA:131,0
DA:133,0
DA:136,0
DA:139,0
DA:144,10
DA:149,10
DA:150,5
DA:153,10
DA:162,0
DA:174,0
DA:175,0
DA:176,0
DA:178,0
DA:179,0
DA:180,0
DA:181,0
DA:193,0
DA:204,0
DA:205,0
DA:206,0
DA:220,0
DA:221,0
DA:231,1
DA:269,2
LF:69
LH:26
BRDA:21,0,0,10
BRDA:21,0,1,0
BRDA:24,1,0,10
BRDA:24,1,1,0
BRDA:43,2,0,2
BRDA:43,2,1,0
BRDA:44,3,0,2
BRDA:44,3,1,0
BRDA:58,4,0,1
BRDA:58,4,1,0
BRDA:72,5,0,0
BRDA:72,5,1,0
BRDA:73,6,0,0
BRDA:73,6,1,0
BRDA:92,7,0,0
BRDA:92,7,1,0
BRDA:92,8,0,0
BRDA:92,8,1,0
BRDA:99,9,0,0
BRDA:99,9,1,0
BRDA:107,10,0,0
BRDA:107,10,1,0
BRDA:125,11,0,0
BRDA:125,11,1,0
BRDA:167,12,0,10
BRDA:167,12,1,0
BRDA:175,13,0,0
BRDA:175,13,1,0
BRDA:178,14,0,0
BRDA:178,14,1,0
BRDA:197,15,0,10
BRDA:197,15,1,0
BRDA:205,16,0,0
BRDA:205,16,1,0
BRDA:221,17,0,0
BRDA:221,17,1,0
BRF:36
BRH:7
end_of_record
TN:
SF:screens\BookingListingsScreen.tsx
FN:10,BookingListingsScreen
FN:16,(anonymous_1)
FN:17,(anonymous_2)
FN:32,(anonymous_3)
FN:34,(anonymous_4)
FN:62,(anonymous_5)
FNF:6
FNH:6
FNDA:12,BookingListingsScreen
FNDA:4,(anonymous_1)
FNDA:4,(anonymous_2)
FNDA:6,(anonymous_3)
FNDA:2,(anonymous_4)
FNDA:4,(anonymous_5)
DA:8,0
DA:11,12
DA:12,12
DA:13,12
DA:14,12
DA:16,12
DA:17,4
DA:18,4
DA:19,4
DA:20,3
DA:21,3
DA:22,2
DA:23,2
DA:25,2
DA:29,4
DA:32,12
DA:33,6
DA:34,6
DA:35,2
DA:45,6
DA:48,12
DA:63,4
DA:96,1
LF:23
LH:22
BRDA:22,0,0,2
BRDA:22,0,1,0
BRDA:23,1,0,2
BRDA:23,1,1,0
BRDA:36,2,0,2
BRDA:36,2,1,0
BRDA:36,2,2,0
BRDA:36,2,3,0
BRDA:36,2,4,0
BRDA:36,2,5,0
BRDA:36,2,6,0
BRDA:61,3,0,2
BRDA:61,3,1,10
BRDA:61,4,0,12
BRDA:61,4,1,12
BRF:15
BRH:7
end_of_record
TN:
SF:screens\DockDetailsScreen.tsx
FN:13,DockDetailsScreen
FN:35,(anonymous_1)
FN:36,(anonymous_2)
FN:50,(anonymous_3)
FN:51,(anonymous_4)
FN:65,(anonymous_5)
FN:71,(anonymous_6)
FN:72,(anonymous_7)
FN:76,(anonymous_8)
FN:115,(anonymous_9)
FN:121,(anonymous_10)
FN:127,(anonymous_11)
FN:134,(anonymous_12)
FN:140,(anonymous_13)
FN:147,(anonymous_14)
FN:154,(anonymous_15)
FN:161,(anonymous_16)
FN:207,(anonymous_17)
FN:226,(anonymous_18)
FNF:19
FNH:6
FNDA:2,DockDetailsScreen
FNDA:1,(anonymous_1)
FNDA:1,(anonymous_2)
FNDA:1,(anonymous_3)
FNDA:1,(anonymous_4)
FNDA:1,(anonymous_5)
FNDA:0,(anonymous_6)
FNDA:0,(anonymous_7)
FNDA:0,(anonymous_8)
FNDA:0,(anonymous_9)
FNDA:0,(anonymous_10)
FNDA:0,(anonymous_11)
FNDA:0,(anonymous_12)
FNDA:0,(anonymous_13)
FNDA:0,(anonymous_14)
FNDA:0,(anonymous_15)
FNDA:0,(anonymous_16)
FNDA:0,(anonymous_17)
FNDA:0,(anonymous_18)
DA:9,0
DA:14,2
DA:15,2
DA:16,2
DA:17,2
DA:18,2
DA:19,2
DA:20,2
DA:23,2
DA:24,2
DA:35,2
DA:36,1
DA:37,1
DA:38,1
DA:39,0
DA:40,0
DA:42,0
DA:44,0
DA:47,1
DA:50,2
DA:51,1
DA:52,1
DA:53,0
DA:54,0
DA:55,0
DA:56,0
DA:58,0
DA:62,1
DA:65,2
DA:66,1
DA:67,1
DA:71,2
DA:72,0
DA:76,2
DA:77,0
DA:78,0
DA:79,0
DA:84,0
DA:85,0
DA:86,0
DA:87,0
DA:89,0
DA:92,0
DA:96,2
DA:97,2
DA:100,0
DA:101,0
DA:104,0
DA:115,0
DA:121,0
DA:127,0
DA:134,0
DA:140,0
DA:147,0
DA:154,0
DA:161,0
DA:208,0
DA:209,0
DA:216,0
DA:227,0
DA:228,0
DA:241,1
LF:62
LH:26
BRDA:52,0,0,0
BRDA:52,0,1,1
BRDA:52,1,0,1
BRDA:52,1,1,0
BRDA:66,2,0,1
BRDA:66,2,1,0
BRDA:67,3,0,1
BRDA:67,3,1,0
BRDA:72,4,0,0
BRDA:72,4,1,0
BRDA:77,5,0,0
BRDA:77,5,1,0
BRDA:84,6,0,0
BRDA:84,6,1,0
BRDA:96,7,0,2
BRDA:96,7,1,0
BRDA:100,8,0,0
BRDA:100,8,1,0
BRDA:108,9,0,0
BRDA:108,9,1,0
BRDA:108,10,0,0
BRDA:108,10,1,0
BRDA:187,11,0,0
BRDA:187,11,1,0
BRDA:189,12,0,0
BRDA:189,12,1,0
BRDA:190,13,0,0
BRDA:190,13,1,0
BRDA:208,14,0,0
BRDA:208,14,1,0
BRDA:208,15,0,0
BRDA:208,15,1,0
BRDA:223,16,0,0
BRDA:223,16,1,0
BRDA:223,16,2,0
BRF:35
BRH:5
end_of_record
TN:
SF:screens\DockOwnerScreen.tsx
FN:12,DockOwnerScreen
FN:17,(anonymous_1)
FN:31,(anonymous_2)
FN:43,(anonymous_3)
FN:55,(anonymous_4)
FN:59,(anonymous_5)
FNF:6
FNH:5
FNDA:6,DockOwnerScreen
FNDA:2,(anonymous_1)
FNDA:2,(anonymous_2)
FNDA:2,(anonymous_3)
FNDA:1,(anonymous_4)
FNDA:0,(anonymous_5)
DA:10,0
DA:13,6
DA:14,6
DA:15,6
DA:17,6
DA:18,2
DA:19,2
DA:20,2
DA:21,2
DA:22,2
DA:24,0
DA:26,2
DA:30,6
DA:32,2
DA:36,6
DA:43,2
DA:56,1
DA:59,0
DA:76,1
LF:19
LH:16
BRDA:22,0,0,2
BRDA:22,0,1,0
BRDA:54,1,0,1
BRDA:54,1,1,5
BRF:4
BRH:3
end_of_record
TN:
SF:screens\GuideDetailsScreen.tsx
FN:11,GuideDetailsScreen
FN:15,(anonymous_1)
FN:16,(anonymous_2)
FNF:3
FNH:3
FNDA:6,GuideDetailsScreen
FNDA:4,(anonymous_1)
FNDA:4,(anonymous_2)
DA:8,0
DA:12,6
DA:13,6
DA:15,6
DA:16,4
DA:17,4
DA:18,4
DA:19,2
DA:20,2
DA:22,1
DA:26,4
DA:29,6
DA:30,4
DA:38,2
DA:63,1
LF:15
LH:14
BRDA:29,0,0,4
BRDA:29,0,1,2
BRDA:43,1,0,2
BRDA:43,1,1,2
BRDA:43,1,2,1
BRF:5
BRH:5
end_of_record
TN:
SF:screens\GuideListingScreen.tsx
FN:13,GuideListingsScreen
FN:18,(anonymous_1)
FN:19,(anonymous_2)
FN:33,(anonymous_3)
FN:35,(anonymous_4)
FN:50,(anonymous_5)
FN:68,(anonymous_6)
FN:72,(anonymous_7)
FNF:8
FNH:8
FNDA:20,GuideListingsScreen
FNDA:5,(anonymous_1)
FNDA:5,(anonymous_2)
FNDA:10,(anonymous_3)
FNDA:12,(anonymous_4)
FNDA:1,(anonymous_5)
FNDA:22,(anonymous_6)
FNDA:1,(anonymous_7)
DA:9,0
DA:14,20
DA:15,20
DA:16,20
DA:18,20
DA:19,5
DA:20,5
DA:21,5
DA:22,4
DA:23,4
DA:24,4
DA:26,1
DA:30,5
DA:33,20
DA:35,10
DA:36,12
DA:37,12
DA:47,10
DA:50,20
DA:51,1
DA:54,20
DA:69,22
DA:72,1
DA:83,1
LF:24
LH:23
BRDA:38,0,0,12
BRDA:38,0,1,2
BRDA:38,0,2,2
BRDA:38,0,3,2
BRDA:38,1,0,12
BRDA:38,1,1,0
BRDA:39,2,0,2
BRDA:39,2,1,2
BRDA:40,3,0,2
BRDA:40,3,1,2
BRDA:41,4,0,2
BRDA:41,4,1,2
BRDA:67,5,0,8
BRDA:67,5,1,12
BRDA:67,6,0,20
BRDA:67,6,1,20
BRF:16
BRH:15
end_of_record
TN:
SF:screens\HomeScreen.tsx
FN:31,HomeScreen
FN:34,(anonymous_1)
FN:47,(anonymous_2)
FN:51,(anonymous_3)
FN:65,(anonymous_4)
FN:70,(anonymous_5)
FN:93,(anonymous_6)
FN:103,(anonymous_7)
FN:107,(anonymous_8)
FN:121,(anonymous_9)
FN:132,(anonymous_10)
FN:153,(anonymous_11)
FN:157,(anonymous_12)
FNF:13
FNH:5
FNDA:3428,HomeScreen
FNDA:5,(anonymous_1)
FNDA:0,(anonymous_2)
FNDA:2291,(anonymous_3)
FNDA:2291,(anonymous_4)
FNDA:5,(anonymous_5)
FNDA:0,(anonymous_6)
FNDA:0,(anonymous_7)
FNDA:0,(anonymous_8)
FNDA:0,(anonymous_9)
FNDA:0,(anonymous_10)
FNDA:0,(anonymous_11)
FNDA:0,(anonymous_12)
DA:24,0
DA:33,3428
DA:34,3428
DA:35,5
DA:36,5
DA:37,5
DA:39,3428
DA:40,3428
DA:41,3428
DA:42,3428
DA:43,3428
DA:44,3428
DA:46,3428
DA:48,0
DA:51,3428
DA:52,2291
DA:53,2291
DA:54,2291
DA:55,2290
DA:56,2290
DA:58,1
DA:60,2291
DA:64,3428
DA:66,2291
DA:70,3428
DA:71,5
DA:72,0
DA:76,3428
DA:93,0
DA:104,0
DA:105,0
DA:106,0
DA:107,0
DA:108,0
DA:121,0
DA:133,0
DA:134,0
DA:135,0
DA:154,0
DA:157,0
DA:178,1
LF:41
LH:26
BRDA:56,0,0,2290
BRDA:56,0,1,0
BRDA:71,1,0,0
BRDA:71,1,1,5
BRDA:98,2,0,3428
BRDA:98,2,1,0
BRDA:105,3,0,0
BRDA:105,3,1,0
BRDA:108,4,0,0
BRDA:108,4,1,0
BRDA:126,5,0,3428
BRDA:126,5,1,0
BRDA:134,6,0,0
BRDA:134,6,1,0
BRDA:152,7,0,0
BRDA:152,7,1,3428
BRF:16
BRH:5
end_of_record
TN:
SF:screens\MapTestScreen.tsx
FN:19,MapTestScreen
FN:24,(anonymous_1)
FN:28,(anonymous_2)
FN:37,(anonymous_3)
FN:42,(anonymous_4)
FN:68,(anonymous_5)
FN:73,(anonymous_6)
FNF:7
FNH:7
FNDA:12,MapTestScreen
FNDA:12,(anonymous_1)
FNDA:3,(anonymous_2)
FNDA:12,(anonymous_3)
FNDA:1,(anonymous_4)
FNDA:6,(anonymous_5)
FNDA:1,(anonymous_6)
DA:10,0
DA:12,1
DA:14,1
DA:20,12
DA:21,12
DA:22,12
DA:24,12
DA:25,12
DA:26,12
DA:27,11
DA:28,3
DA:30,9
DA:32,12
DA:36,12
DA:38,12
DA:42,12
DA:43,1
DA:50,12
DA:51,4
DA:58,8
DA:69,6
DA:73,1
DA:81,1
LF:23
LH:22
BRDA:28,0,0,3
BRDA:28,0,1,0
BRDA:28,1,0,3
BRDA:28,1,1,3
BRDA:50,2,0,4
BRDA:50,2,1,8
BRF:6
BRH:5
end_of_record
TN:
SF:screens\PortDetailsScreen.tsx
FN:17,PortDetailsScreen
FN:31,(anonymous_1)
FN:32,(anonymous_2)
FN:46,(anonymous_3)
FN:52,(anonymous_4)
FN:59,(anonymous_5)
FN:76,(anonymous_6)
FN:90,(anonymous_7)
FN:95,(anonymous_8)
FN:110,(anonymous_9)
FN:135,(anonymous_10)
FN:202,(anonymous_11)
FN:209,(anonymous_12)
FN:213,(anonymous_13)
FNF:14
FNH:3
FNDA:364,PortDetailsScreen
FNDA:0,(anonymous_1)
FNDA:0,(anonymous_2)
FNDA:0,(anonymous_3)
FNDA:0,(anonymous_4)
FNDA:0,(anonymous_5)
FNDA:364,(anonymous_6)
FNDA:364,(anonymous_7)
FNDA:0,(anonymous_8)
FNDA:0,(anonymous_9)
FNDA:0,(anonymous_10)
FNDA:0,(anonymous_11)
FNDA:0,(anonymous_12)
FNDA:0,(anonymous_13)
DA:13,0
DA:18,364
DA:19,364
DA:20,364
DA:23,364
DA:24,364
DA:27,364
DA:29,364
DA:31,364
DA:32,0
DA:33,0
DA:34,0
DA:35,0
DA:36,0
DA:38,0
DA:41,0
DA:43,0
DA:44,0
DA:46,0
DA:50,0
DA:52,0
DA:57,0
DA:59,0
DA:65,0
DA:67,0
DA:69,0
DA:72,0
DA:76,364
DA:77,364
DA:78,364
DA:79,364
DA:80,10
DA:81,10
DA:83,1
DA:85,11
DA:89,364
DA:91,364
DA:95,364
DA:96,0
DA:97,0
DA:101,364
DA:102,364
DA:105,0
DA:106,0
DA:109,0
DA:110,0
DA:113,0
DA:115,0
DA:136,0
DA:137,0
DA:140,0
DA:141,0
DA:144,0
DA:147,0
DA:202,0
DA:210,0
DA:214,0
DA:233,1
LF:58
LH:22
BRDA:41,0,0,0
BRDA:41,0,1,0
BRDA:41,1,0,0
BRDA:41,1,1,0
BRDA:44,2,0,0
BRDA:44,2,1,0
BRDA:44,3,0,0
BRDA:44,3,1,0
BRDA:44,3,2,0
BRDA:47,4,0,0
BRDA:47,4,1,0
BRDA:48,5,0,0
BRDA:48,5,1,0
BRDA:50,6,0,0
BRDA:50,6,1,0
BRDA:50,7,0,0
BRDA:50,7,1,0
BRDA:57,8,0,0
BRDA:57,8,1,0
BRDA:60,9,0,0
BRDA:60,9,1,0
BRDA:61,10,0,0
BRDA:61,10,1,0
BRDA:61,10,2,0
BRDA:61,11,0,0
BRDA:61,11,1,0
BRDA:81,12,0,5
BRDA:81,12,1,5
BRDA:96,13,0,0
BRDA:96,13,1,0
BRDA:101,14,0,364
BRDA:101,14,1,0
BRDA:105,15,0,0
BRDA:105,15,1,0
BRDA:113,16,0,0
BRDA:113,16,1,0
BRDA:134,17,0,0
BRDA:134,17,1,0
BRDA:137,18,0,0
BRDA:137,18,1,0
BRDA:140,19,0,0
BRDA:140,19,1,0
BRDA:140,20,0,0
BRDA:140,20,1,0
BRDA:144,21,0,0
BRDA:144,21,1,0
BRDA:170,22,0,0
BRDA:170,22,1,0
BRDA:175,23,0,0
BRDA:175,23,1,0
BRDA:175,23,2,0
BRDA:175,23,3,0
BRDA:175,23,4,0
BRDA:199,24,0,0
BRDA:199,24,1,0
BRDA:208,25,0,0
BRDA:208,25,1,0
BRF:57
BRH:3
end_of_record
TN:
SF:screens\ProfileViewScreen.tsx
FN:8,(anonymous_0)
FN:27,(anonymous_1)
FN:28,(anonymous_2)
FN:79,(anonymous_3)
FN:81,(anonymous_4)
FN:88,(anonymous_5)
FN:122,(anonymous_6)
FN:132,(anonymous_7)
FN:162,(anonymous_8)
FN:174,(anonymous_9)
FN:207,(anonymous_10)
FNF:11
FNH:9
FNDA:27,(anonymous_0)
FNDA:6,(anonymous_1)
FNDA:6,(anonymous_2)
FNDA:2,(anonymous_3)
FNDA:2,(anonymous_4)
FNDA:2,(anonymous_5)
FNDA:1,(anonymous_6)
FNDA:0,(anonymous_7)
FNDA:2,(anonymous_8)
FNDA:0,(anonymous_9)
FNDA:4,(anonymous_10)
DA:6,1
DA:8,1
DA:9,27
DA:10,27
DA:11,27
DA:12,27
DA:14,27
DA:15,27
DA:27,27
DA:28,6
DA:29,6
DA:30,6
DA:31,6
DA:38,5
DA:39,5
DA:40,0
DA:41,0
DA:42,0
DA:45,5
DA:46,5
DA:47,5
DA:49,0
DA:50,0
DA:52,5
DA:56,6
DA:57,6
DA:62,27
DA:63,8
DA:70,19
DA:71,0
DA:79,19
DA:80,2
DA:81,2
DA:88,19
DA:89,2
DA:90,2
DA:91,2
DA:95,2
DA:104,2
DA:105,1
DA:106,1
DA:108,1
DA:109,1
DA:111,1
DA:112,1
DA:113,1
DA:116,0
DA:118,2
DA:122,19
DA:123,1
DA:124,1
DA:133,0
DA:134,0
DA:135,0
DA:141,0
DA:142,0
DA:146,19
DA:162,2
DA:174,0
DA:208,4
DA:209,4
DA:222,1
LF:62
LH:49
BRDA:39,0,0,0
BRDA:39,0,1,5
BRDA:56,1,0,6
BRDA:56,1,1,0
BRDA:62,2,0,8
BRDA:62,2,1,19
BRDA:70,3,0,0
BRDA:70,3,1,19
BRDA:104,4,0,1
BRDA:104,4,1,1
BRDA:105,5,0,1
BRDA:105,5,1,0
BRDA:113,6,0,1
BRDA:113,6,1,0
BRDA:123,7,0,1
BRDA:123,7,1,0
BRDA:158,8,0,7
BRDA:158,8,1,12
BRDA:170,9,0,7
BRDA:170,9,1,12
BRDA:195,10,0,7
BRDA:195,10,1,12
BRF:22
BRH:16
end_of_record
TN:
SF:screens\RegisterScreen.tsx
FN:13,RegisterScreen
FN:26,(anonymous_1)
FN:31,(anonymous_2)
FN:107,(anonymous_3)
FN:118,(anonymous_4)
FN:124,(anonymous_5)
FN:152,(anonymous_6)
FNF:7
FNH:7
FNDA:35,RegisterScreen
FNDA:4,(anonymous_1)
FNDA:4,(anonymous_2)
FNDA:4,(anonymous_3)
FNDA:3,(anonymous_4)
FNDA:1,(anonymous_5)
FNDA:1,(anonymous_6)
DA:9,0
DA:15,35
DA:16,35
DA:17,35
DA:18,35
DA:19,35
DA:20,35
DA:21,35
DA:22,35
DA:23,35
DA:26,35
DA:27,4
DA:28,4
DA:31,35
DA:32,4
DA:33,1
DA:34,1
DA:37,3
DA:49,3
DA:50,3
DA:56,2
DA:57,1
DA:58,1
DA:59,1
DA:61,1
DA:62,1
DA:65,1
DA:66,1
DA:70,35
DA:107,4
DA:118,3
DA:124,1
DA:152,1
DA:161,1
LF:34
LH:33
BRDA:32,0,0,1
BRDA:32,0,1,3
BRDA:32,1,0,4
BRDA:32,1,1,3
BRDA:32,1,2,3
BRDA:32,1,3,3
BRDA:32,1,4,3
BRDA:32,1,5,3
BRDA:32,1,6,3
BRDA:56,2,0,1
BRDA:56,2,1,1
BRDA:62,3,0,1
BRDA:62,3,1,0
BRDA:65,4,0,1
BRDA:65,4,1,0
BRDA:110,5,0,4
BRDA:110,5,1,31
BRDA:113,6,0,35
BRDA:113,6,1,4
BRF:19
BRH:17
end_of_record
TN:
SF:screens\SignInScreen.tsx
FN:12,SignInScreen
FN:17,(anonymous_1)
FN:79,(anonymous_2)
FNF:3
FNH:3
FNDA:19,SignInScreen
FNDA:5,(anonymous_1)
FNDA:2,(anonymous_2)
DA:8,0
DA:13,19
DA:14,19
DA:15,19
DA:17,19
DA:18,5
DA:19,1
DA:20,1
DA:22,4
DA:23,4
DA:30,2
DA:31,1
DA:32,1
DA:34,1
DA:37,1
DA:38,1
DA:39,1
DA:40,1
DA:42,0
DA:45,1
DA:50,19
DA:79,2
DA:88,2
LF:23
LH:21
BRDA:18,0,0,1
BRDA:18,0,1,4
BRDA:18,1,0,5
BRDA:18,1,1,4
BRDA:30,2,0,1
BRDA:30,2,1,1
BRDA:37,3,0,1
BRDA:37,3,1,0
BRF:8
BRH:7
end_of_record
TN:
SF:screens\WelcomeScreen.tsx
FN:8,WelcomeScreen
FN:24,(anonymous_1)
FN:30,(anonymous_2)
FNF:3
FNH:3
FNDA:3,WelcomeScreen
FNDA:1,(anonymous_1)
FNDA:1,(anonymous_2)
DA:14,3
DA:16,3
DA:24,1
DA:30,1
DA:44,1
LF:5
LH:5
BRF:0
BRH:0
end_of_record
